build/app/intermediates/manifest_merge_blame_file/debug/manifest-merger-blame-debug-report.txt
1<?xml version="1.0" encoding="utf-8"?>
2<manifest xmlns:android="http://schemas.android.com/apk/res/android"
3    package="com.example.cc206_bahanap_2"
4    android:versionCode="1"
5    android:versionName="1.0.0" >
6
7    <uses-sdk
8        android:minSdkVersion="23"
9        android:targetSdkVersion="35" />
10    <!--
11         The INTERNET permission is required for development. Specifically,
12         the Flutter tool needs it to communicate with the running application
13         to allow setting breakpoints, to provide hot reload, etc.
14    -->
15    <uses-permission android:name="android.permission.INTERNET" />
15-->src\main\AndroidManifest.xml:3:5-66
15-->src\main\AndroidManifest.xml:3:22-64
16    <uses-permission android:name="android.permission.ACCESS_FINE_LOCATION" />
16-->src\main\AndroidManifest.xml:4:5-79
16-->src\main\AndroidManifest.xml:4:22-76
17    <uses-permission android:name="android.permission.ACCESS_BACKGROUND_LOCATION" />
17-->src\main\AndroidManifest.xml:5:5-85
17-->src\main\AndroidManifest.xml:5:22-82
18    <uses-permission android:name="android.permission.ACCESS_COARSE_LOCATION" />
18-->src\main\AndroidManifest.xml:6:5-81
18-->src\main\AndroidManifest.xml:6:22-78
19    <!--
20 Required to query activities that can process text, see:
21         https://developer.android.com/training/package-visibility and
22         https://developer.android.com/reference/android/content/Intent#ACTION_PROCESS_TEXT.
23
24         In particular, this is used by the Flutter engine in io.flutter.plugin.text.ProcessTextPlugin.
25    -->
26    <queries>
26-->src\main\AndroidManifest.xml:47:5-52:15
27        <intent>
27-->src\main\AndroidManifest.xml:48:9-51:18
28            <action android:name="android.intent.action.PROCESS_TEXT" />
28-->src\main\AndroidManifest.xml:49:13-72
28-->src\main\AndroidManifest.xml:49:21-70
29
30            <data android:mimeType="text/plain" />
30-->src\main\AndroidManifest.xml:50:13-50
30-->src\main\AndroidManifest.xml:50:19-48
31        </intent>
32    </queries>
33
34    <uses-permission android:name="android.permission.ACCESS_NETWORK_STATE" />
34-->[:network_info_plus] AndroidManifest.xml:7:5-79
34-->[:network_info_plus] AndroidManifest.xml:7:22-76
35    <uses-permission android:name="android.permission.ACCESS_WIFI_STATE" />
35-->[:network_info_plus] AndroidManifest.xml:8:5-76
35-->[:network_info_plus] AndroidManifest.xml:8:22-73
36    <uses-permission android:name="com.google.android.providers.gsf.permission.READ_GSERVICES" />
36-->[com.google.android.recaptcha:recaptcha:18.5.1] AndroidManifest.xml:9:5-98
36-->[com.google.android.recaptcha:recaptcha:18.5.1] AndroidManifest.xml:9:22-95
37
38    <permission
38-->[androidx.core:core:1.13.1] AndroidManifest.xml:22:5-24:47
39        android:name="com.example.cc206_bahanap_2.DYNAMIC_RECEIVER_NOT_EXPORTED_PERMISSION"
39-->[androidx.core:core:1.13.1] AndroidManifest.xml:23:9-81
40        android:protectionLevel="signature" />
40-->[androidx.core:core:1.13.1] AndroidManifest.xml:24:9-44
41
42    <uses-permission android:name="com.example.cc206_bahanap_2.DYNAMIC_RECEIVER_NOT_EXPORTED_PERMISSION" />
42-->[androidx.core:core:1.13.1] AndroidManifest.xml:26:5-97
42-->[androidx.core:core:1.13.1] AndroidManifest.xml:26:22-94
43
44    <application
45        android:name="android.app.Application"
46        android:appComponentFactory="androidx.core.app.CoreComponentFactory"
46-->[androidx.core:core:1.13.1] AndroidManifest.xml:28:18-86
47        android:debuggable="true"
48        android:extractNativeLibs="false"
49        android:icon="@mipmap/ic_launcher"
50        android:label="Bahanap"
51        android:usesCleartextTraffic="true" >
52        <activity
53            android:name="com.example.cc206_bahanap_2.MainActivity"
54            android:configChanges="orientation|keyboardHidden|keyboard|screenSize|smallestScreenSize|locale|layoutDirection|fontScale|screenLayout|density|uiMode"
55            android:exported="true"
56            android:hardwareAccelerated="true"
57            android:launchMode="singleTop"
58            android:taskAffinity=""
59            android:theme="@style/LaunchTheme"
60            android:windowSoftInputMode="adjustResize" >
61
62            <!--
63                 Specifies an Android theme to apply to this Activity as soon as
64                 the Android process has started. This theme is visible to the user
65                 while the Flutter UI initializes. After that, this theme continues
66                 to determine the Window background behind the Flutter UI.
67            -->
68            <meta-data
69                android:name="io.flutter.embedding.android.NormalTheme"
70                android:resource="@style/NormalTheme" />
71
72            <intent-filter>
73                <action android:name="android.intent.action.MAIN" />
74
75                <category android:name="android.intent.category.LAUNCHER" />
76            </intent-filter>
77        </activity>
78        <!--
79             Don't delete the meta-data below.
80             This is used by the Flutter tool to generate GeneratedPluginRegistrant.java
81        -->
82        <meta-data
83            android:name="flutterEmbedding"
84            android:value="2" />
85
86        <service
86-->[:location] AndroidManifest.xml:11:9-15:56
87            android:name="com.lyokone.location.FlutterLocationService"
87-->[:location] AndroidManifest.xml:12:13-71
88            android:enabled="true"
88-->[:location] AndroidManifest.xml:13:13-35
89            android:exported="false"
89-->[:location] AndroidManifest.xml:14:13-37
90            android:foregroundServiceType="location" />
90-->[:location] AndroidManifest.xml:15:13-53
91        <service
91-->[:cloud_firestore] AndroidManifest.xml:8:9-12:19
92            android:name="com.google.firebase.components.ComponentDiscoveryService"
92-->[:cloud_firestore] AndroidManifest.xml:8:18-89
93            android:directBootAware="true"
93-->[com.google.firebase:firebase-common:21.0.0] AndroidManifest.xml:32:13-43
94            android:exported="false" >
94-->[com.google.firebase:firebase-firestore:25.1.1] AndroidManifest.xml:16:13-37
95            <meta-data
95-->[:cloud_firestore] AndroidManifest.xml:9:13-11:85
96                android:name="com.google.firebase.components:io.flutter.plugins.firebase.firestore.FlutterFirebaseFirestoreRegistrar"
96-->[:cloud_firestore] AndroidManifest.xml:10:17-134
97                android:value="com.google.firebase.components.ComponentRegistrar" />
97-->[:cloud_firestore] AndroidManifest.xml:11:17-82
98            <meta-data
98-->[:firebase_auth] AndroidManifest.xml:9:13-11:85
99                android:name="com.google.firebase.components:io.flutter.plugins.firebase.auth.FlutterFirebaseAuthRegistrar"
99-->[:firebase_auth] AndroidManifest.xml:10:17-124
100                android:value="com.google.firebase.components.ComponentRegistrar" />
100-->[:firebase_auth] AndroidManifest.xml:11:17-82
101            <meta-data
101-->[:firebase_database] AndroidManifest.xml:9:13-11:85
102                android:name="com.google.firebase.components:io.flutter.plugins.firebase.database.FlutterFirebaseAppRegistrar"
102-->[:firebase_database] AndroidManifest.xml:10:17-127
103                android:value="com.google.firebase.components.ComponentRegistrar" />
103-->[:firebase_database] AndroidManifest.xml:11:17-82
104            <meta-data
104-->[:firebase_core] AndroidManifest.xml:9:13-11:85
105                android:name="com.google.firebase.components:io.flutter.plugins.firebase.core.FlutterFirebaseCoreRegistrar"
105-->[:firebase_core] AndroidManifest.xml:10:17-124
106                android:value="com.google.firebase.components.ComponentRegistrar" />
106-->[:firebase_core] AndroidManifest.xml:11:17-82
107            <meta-data
107-->[com.google.firebase:firebase-firestore:25.1.1] AndroidManifest.xml:17:13-19:85
108                android:name="com.google.firebase.components:com.google.firebase.firestore.FirebaseFirestoreKtxRegistrar"
108-->[com.google.firebase:firebase-firestore:25.1.1] AndroidManifest.xml:18:17-122
109                android:value="com.google.firebase.components.ComponentRegistrar" />
109-->[com.google.firebase:firebase-firestore:25.1.1] AndroidManifest.xml:19:17-82
110            <meta-data
110-->[com.google.firebase:firebase-firestore:25.1.1] AndroidManifest.xml:20:13-22:85
111                android:name="com.google.firebase.components:com.google.firebase.firestore.FirestoreRegistrar"
111-->[com.google.firebase:firebase-firestore:25.1.1] AndroidManifest.xml:21:17-111
112                android:value="com.google.firebase.components.ComponentRegistrar" />
112-->[com.google.firebase:firebase-firestore:25.1.1] AndroidManifest.xml:22:17-82
113            <meta-data
113-->[com.google.firebase:firebase-auth:23.1.0] AndroidManifest.xml:69:13-71:85
114                android:name="com.google.firebase.components:com.google.firebase.auth.FirebaseAuthRegistrar"
114-->[com.google.firebase:firebase-auth:23.1.0] AndroidManifest.xml:70:17-109
115                android:value="com.google.firebase.components.ComponentRegistrar" />
115-->[com.google.firebase:firebase-auth:23.1.0] AndroidManifest.xml:71:17-82
116            <meta-data
116-->[com.google.firebase:firebase-database:21.0.0] AndroidManifest.xml:29:13-31:85
117                android:name="com.google.firebase.components:com.google.firebase.database.FirebaseDatabaseKtxRegistrar"
117-->[com.google.firebase:firebase-database:21.0.0] AndroidManifest.xml:30:17-120
118                android:value="com.google.firebase.components.ComponentRegistrar" />
118-->[com.google.firebase:firebase-database:21.0.0] AndroidManifest.xml:31:17-82
119            <meta-data
119-->[com.google.firebase:firebase-database:21.0.0] AndroidManifest.xml:32:13-34:85
120                android:name="com.google.firebase.components:com.google.firebase.database.DatabaseRegistrar"
120-->[com.google.firebase:firebase-database:21.0.0] AndroidManifest.xml:33:17-109
121                android:value="com.google.firebase.components.ComponentRegistrar" />
121-->[com.google.firebase:firebase-database:21.0.0] AndroidManifest.xml:34:17-82
122            <meta-data
122-->[com.google.firebase:firebase-common-ktx:21.0.0] AndroidManifest.xml:12:13-14:85
123                android:name="com.google.firebase.components:com.google.firebase.ktx.FirebaseCommonLegacyRegistrar"
123-->[com.google.firebase:firebase-common-ktx:21.0.0] AndroidManifest.xml:13:17-116
124                android:value="com.google.firebase.components.ComponentRegistrar" />
124-->[com.google.firebase:firebase-common-ktx:21.0.0] AndroidManifest.xml:14:17-82
125            <meta-data
125-->[com.google.firebase:firebase-common:21.0.0] AndroidManifest.xml:35:13-37:85
126                android:name="com.google.firebase.components:com.google.firebase.FirebaseCommonKtxRegistrar"
126-->[com.google.firebase:firebase-common:21.0.0] AndroidManifest.xml:36:17-109
127                android:value="com.google.firebase.components.ComponentRegistrar" />
127-->[com.google.firebase:firebase-common:21.0.0] AndroidManifest.xml:37:17-82
128        </service>
129
130        <activity
130-->[com.google.firebase:firebase-auth:23.1.0] AndroidManifest.xml:29:9-46:20
131            android:name="com.google.firebase.auth.internal.GenericIdpActivity"
131-->[com.google.firebase:firebase-auth:23.1.0] AndroidManifest.xml:30:13-80
132            android:excludeFromRecents="true"
132-->[com.google.firebase:firebase-auth:23.1.0] AndroidManifest.xml:31:13-46
133            android:exported="true"
133-->[com.google.firebase:firebase-auth:23.1.0] AndroidManifest.xml:32:13-36
134            android:launchMode="singleTask"
134-->[com.google.firebase:firebase-auth:23.1.0] AndroidManifest.xml:33:13-44
135            android:theme="@android:style/Theme.Translucent.NoTitleBar" >
135-->[com.google.firebase:firebase-auth:23.1.0] AndroidManifest.xml:34:13-72
136            <intent-filter>
136-->[com.google.firebase:firebase-auth:23.1.0] AndroidManifest.xml:35:13-45:29
137                <action android:name="android.intent.action.VIEW" />
137-->[com.google.firebase:firebase-auth:23.1.0] AndroidManifest.xml:36:17-69
137-->[com.google.firebase:firebase-auth:23.1.0] AndroidManifest.xml:36:25-66
138
139                <category android:name="android.intent.category.DEFAULT" />
139-->[com.google.firebase:firebase-auth:23.1.0] AndroidManifest.xml:38:17-76
139-->[com.google.firebase:firebase-auth:23.1.0] AndroidManifest.xml:38:27-73
140                <category android:name="android.intent.category.BROWSABLE" />
140-->[com.google.firebase:firebase-auth:23.1.0] AndroidManifest.xml:39:17-78
140-->[com.google.firebase:firebase-auth:23.1.0] AndroidManifest.xml:39:27-75
141
142                <data
142-->src\main\AndroidManifest.xml:50:13-50
143                    android:host="firebase.auth"
144                    android:path="/"
145                    android:scheme="genericidp" />
146            </intent-filter>
147        </activity>
148        <activity
148-->[com.google.firebase:firebase-auth:23.1.0] AndroidManifest.xml:47:9-64:20
149            android:name="com.google.firebase.auth.internal.RecaptchaActivity"
149-->[com.google.firebase:firebase-auth:23.1.0] AndroidManifest.xml:48:13-79
150            android:excludeFromRecents="true"
150-->[com.google.firebase:firebase-auth:23.1.0] AndroidManifest.xml:49:13-46
151            android:exported="true"
151-->[com.google.firebase:firebase-auth:23.1.0] AndroidManifest.xml:50:13-36
152            android:launchMode="singleTask"
152-->[com.google.firebase:firebase-auth:23.1.0] AndroidManifest.xml:51:13-44
153            android:theme="@android:style/Theme.Translucent.NoTitleBar" >
153-->[com.google.firebase:firebase-auth:23.1.0] AndroidManifest.xml:52:13-72
154            <intent-filter>
154-->[com.google.firebase:firebase-auth:23.1.0] AndroidManifest.xml:53:13-63:29
155                <action android:name="android.intent.action.VIEW" />
155-->[com.google.firebase:firebase-auth:23.1.0] AndroidManifest.xml:36:17-69
155-->[com.google.firebase:firebase-auth:23.1.0] AndroidManifest.xml:36:25-66
156
157                <category android:name="android.intent.category.DEFAULT" />
157-->[com.google.firebase:firebase-auth:23.1.0] AndroidManifest.xml:38:17-76
157-->[com.google.firebase:firebase-auth:23.1.0] AndroidManifest.xml:38:27-73
158                <category android:name="android.intent.category.BROWSABLE" />
158-->[com.google.firebase:firebase-auth:23.1.0] AndroidManifest.xml:39:17-78
158-->[com.google.firebase:firebase-auth:23.1.0] AndroidManifest.xml:39:27-75
159
160                <data
160-->src\main\AndroidManifest.xml:50:13-50
161                    android:host="firebase.auth"
162                    android:path="/"
163                    android:scheme="recaptcha" />
164            </intent-filter>
165        </activity>
166
167        <provider
167-->[com.google.firebase:firebase-common:21.0.0] AndroidManifest.xml:23:9-28:39
168            android:name="com.google.firebase.provider.FirebaseInitProvider"
168-->[com.google.firebase:firebase-common:21.0.0] AndroidManifest.xml:24:13-77
169            android:authorities="com.example.cc206_bahanap_2.firebaseinitprovider"
169-->[com.google.firebase:firebase-common:21.0.0] AndroidManifest.xml:25:13-72
170            android:directBootAware="true"
170-->[com.google.firebase:firebase-common:21.0.0] AndroidManifest.xml:26:13-43
171            android:exported="false"
171-->[com.google.firebase:firebase-common:21.0.0] AndroidManifest.xml:27:13-37
172            android:initOrder="100" />
172-->[com.google.firebase:firebase-common:21.0.0] AndroidManifest.xml:28:13-36
173
174        <service
174-->[:geolocator_android] AndroidManifest.xml:8:9-12:56
175            android:name="com.baseflow.geolocator.GeolocatorLocationService"
175-->[:geolocator_android] AndroidManifest.xml:9:13-77
176            android:enabled="true"
176-->[:geolocator_android] AndroidManifest.xml:10:13-35
177            android:exported="false"
177-->[:geolocator_android] AndroidManifest.xml:11:13-37
178            android:foregroundServiceType="location" />
178-->[:geolocator_android] AndroidManifest.xml:12:13-53
179
180        <provider
180-->[:image_picker_android] AndroidManifest.xml:9:9-17:20
181            android:name="io.flutter.plugins.imagepicker.ImagePickerFileProvider"
181-->[:image_picker_android] AndroidManifest.xml:10:13-82
182            android:authorities="com.example.cc206_bahanap_2.flutter.image_provider"
182-->[:image_picker_android] AndroidManifest.xml:11:13-74
183            android:exported="false"
183-->[:image_picker_android] AndroidManifest.xml:12:13-37
184            android:grantUriPermissions="true" >
184-->[:image_picker_android] AndroidManifest.xml:13:13-47
185            <meta-data
185-->[:image_picker_android] AndroidManifest.xml:14:13-16:75
186                android:name="android.support.FILE_PROVIDER_PATHS"
186-->[:image_picker_android] AndroidManifest.xml:15:17-67
187                android:resource="@xml/flutter_image_picker_file_paths" />
187-->[:image_picker_android] AndroidManifest.xml:16:17-72
188        </provider> <!-- Trigger Google Play services to install the backported photo picker module. -->
189        <service
189-->[:image_picker_android] AndroidManifest.xml:19:9-31:19
190            android:name="com.google.android.gms.metadata.ModuleDependencies"
190-->[:image_picker_android] AndroidManifest.xml:20:13-78
191            android:enabled="false"
191-->[:image_picker_android] AndroidManifest.xml:21:13-36
192            android:exported="false" >
192-->[:image_picker_android] AndroidManifest.xml:22:13-37
193            <intent-filter>
193-->[:image_picker_android] AndroidManifest.xml:24:13-26:29
194                <action android:name="com.google.android.gms.metadata.MODULE_DEPENDENCIES" />
194-->[:image_picker_android] AndroidManifest.xml:25:17-94
194-->[:image_picker_android] AndroidManifest.xml:25:25-91
195            </intent-filter>
196
197            <meta-data
197-->[:image_picker_android] AndroidManifest.xml:28:13-30:36
198                android:name="photopicker_activity:0:required"
198-->[:image_picker_android] AndroidManifest.xml:29:17-63
199                android:value="" />
199-->[:image_picker_android] AndroidManifest.xml:30:17-33
200        </service>
201        <service
201-->[androidx.credentials:credentials-play-services-auth:1.2.0-rc01] AndroidManifest.xml:24:9-32:19
202            android:name="androidx.credentials.playservices.CredentialProviderMetadataHolder"
202-->[androidx.credentials:credentials-play-services-auth:1.2.0-rc01] AndroidManifest.xml:25:13-94
203            android:enabled="true"
203-->[androidx.credentials:credentials-play-services-auth:1.2.0-rc01] AndroidManifest.xml:26:13-35
204            android:exported="false" >
204-->[androidx.credentials:credentials-play-services-auth:1.2.0-rc01] AndroidManifest.xml:27:13-37
205            <meta-data
205-->[androidx.credentials:credentials-play-services-auth:1.2.0-rc01] AndroidManifest.xml:29:13-31:104
206                android:name="androidx.credentials.CREDENTIAL_PROVIDER_KEY"
206-->[androidx.credentials:credentials-play-services-auth:1.2.0-rc01] AndroidManifest.xml:30:17-76
207                android:value="androidx.credentials.playservices.CredentialProviderPlayServicesImpl" />
207-->[androidx.credentials:credentials-play-services-auth:1.2.0-rc01] AndroidManifest.xml:31:17-101
208        </service>
209
210        <activity
210-->[androidx.credentials:credentials-play-services-auth:1.2.0-rc01] AndroidManifest.xml:34:9-41:20
211            android:name="androidx.credentials.playservices.HiddenActivity"
211-->[androidx.credentials:credentials-play-services-auth:1.2.0-rc01] AndroidManifest.xml:35:13-76
212            android:configChanges="orientation|screenSize|screenLayout|keyboardHidden"
212-->[androidx.credentials:credentials-play-services-auth:1.2.0-rc01] AndroidManifest.xml:36:13-87
213            android:enabled="true"
213-->[androidx.credentials:credentials-play-services-auth:1.2.0-rc01] AndroidManifest.xml:37:13-35
214            android:exported="false"
214-->[androidx.credentials:credentials-play-services-auth:1.2.0-rc01] AndroidManifest.xml:38:13-37
215            android:fitsSystemWindows="true"
215-->[androidx.credentials:credentials-play-services-auth:1.2.0-rc01] AndroidManifest.xml:39:13-45
216            android:theme="@style/Theme.Hidden" >
216-->[androidx.credentials:credentials-play-services-auth:1.2.0-rc01] AndroidManifest.xml:40:13-48
217        </activity>
218        <activity
218-->[com.google.android.gms:play-services-auth:20.7.0] AndroidManifest.xml:23:9-27:75
219            android:name="com.google.android.gms.auth.api.signin.internal.SignInHubActivity"
219-->[com.google.android.gms:play-services-auth:20.7.0] AndroidManifest.xml:24:13-93
220            android:excludeFromRecents="true"
220-->[com.google.android.gms:play-services-auth:20.7.0] AndroidManifest.xml:25:13-46
221            android:exported="false"
221-->[com.google.android.gms:play-services-auth:20.7.0] AndroidManifest.xml:26:13-37
222            android:theme="@android:style/Theme.Translucent.NoTitleBar" />
222-->[com.google.android.gms:play-services-auth:20.7.0] AndroidManifest.xml:27:13-72
223        <!--
224            Service handling Google Sign-In user revocation. For apps that do not integrate with
225            Google Sign-In, this service will never be started.
226        -->
227        <service
227-->[com.google.android.gms:play-services-auth:20.7.0] AndroidManifest.xml:33:9-37:51
228            android:name="com.google.android.gms.auth.api.signin.RevocationBoundService"
228-->[com.google.android.gms:play-services-auth:20.7.0] AndroidManifest.xml:34:13-89
229            android:exported="true"
229-->[com.google.android.gms:play-services-auth:20.7.0] AndroidManifest.xml:35:13-36
230            android:permission="com.google.android.gms.auth.api.signin.permission.REVOCATION_NOTIFICATION"
230-->[com.google.android.gms:play-services-auth:20.7.0] AndroidManifest.xml:36:13-107
231            android:visibleToInstantApps="true" />
231-->[com.google.android.gms:play-services-auth:20.7.0] AndroidManifest.xml:37:13-48
232
233        <activity
233-->[com.google.android.gms:play-services-base:18.3.0] AndroidManifest.xml:20:9-22:45
234            android:name="com.google.android.gms.common.api.GoogleApiActivity"
234-->[com.google.android.gms:play-services-base:18.3.0] AndroidManifest.xml:20:19-85
235            android:exported="false"
235-->[com.google.android.gms:play-services-base:18.3.0] AndroidManifest.xml:22:19-43
236            android:theme="@android:style/Theme.Translucent.NoTitleBar" />
236-->[com.google.android.gms:play-services-base:18.3.0] AndroidManifest.xml:21:19-78
237
238        <provider
238-->[androidx.lifecycle:lifecycle-process:2.7.0] AndroidManifest.xml:24:9-32:20
239            android:name="androidx.startup.InitializationProvider"
239-->[androidx.lifecycle:lifecycle-process:2.7.0] AndroidManifest.xml:25:13-67
240            android:authorities="com.example.cc206_bahanap_2.androidx-startup"
240-->[androidx.lifecycle:lifecycle-process:2.7.0] AndroidManifest.xml:26:13-68
241            android:exported="false" >
241-->[androidx.lifecycle:lifecycle-process:2.7.0] AndroidManifest.xml:27:13-37
242            <meta-data
242-->[androidx.lifecycle:lifecycle-process:2.7.0] AndroidManifest.xml:29:13-31:52
243                android:name="androidx.lifecycle.ProcessLifecycleInitializer"
243-->[androidx.lifecycle:lifecycle-process:2.7.0] AndroidManifest.xml:30:17-78
244                android:value="androidx.startup" />
244-->[androidx.lifecycle:lifecycle-process:2.7.0] AndroidManifest.xml:31:17-49
245            <meta-data
245-->[androidx.profileinstaller:profileinstaller:1.3.1] AndroidManifest.xml:29:13-31:52
246                android:name="androidx.profileinstaller.ProfileInstallerInitializer"
246-->[androidx.profileinstaller:profileinstaller:1.3.1] AndroidManifest.xml:30:17-85
247                android:value="androidx.startup" />
247-->[androidx.profileinstaller:profileinstaller:1.3.1] AndroidManifest.xml:31:17-49
248        </provider>
249
250        <uses-library
250-->[androidx.window:window:1.2.0] AndroidManifest.xml:23:9-25:40
251            android:name="androidx.window.extensions"
251-->[androidx.window:window:1.2.0] AndroidManifest.xml:24:13-54
252            android:required="false" />
252-->[androidx.window:window:1.2.0] AndroidManifest.xml:25:13-37
253        <uses-library
253-->[androidx.window:window:1.2.0] AndroidManifest.xml:26:9-28:40
254            android:name="androidx.window.sidecar"
254-->[androidx.window:window:1.2.0] AndroidManifest.xml:27:13-51
255            android:required="false" />
255-->[androidx.window:window:1.2.0] AndroidManifest.xml:28:13-37
256
257        <meta-data
257-->[com.google.android.gms:play-services-basement:18.4.0] AndroidManifest.xml:6:9-122
258            android:name="com.google.android.gms.version"
258-->[com.google.android.gms:play-services-basement:18.4.0] AndroidManifest.xml:6:20-65
259            android:value="@integer/google_play_services_version" />
259-->[com.google.android.gms:play-services-basement:18.4.0] AndroidManifest.xml:6:66-119
260
261        <receiver
261-->[androidx.profileinstaller:profileinstaller:1.3.1] AndroidManifest.xml:34:9-52:20
262            android:name="androidx.profileinstaller.ProfileInstallReceiver"
262-->[androidx.profileinstaller:profileinstaller:1.3.1] AndroidManifest.xml:35:13-76
263            android:directBootAware="false"
263-->[androidx.profileinstaller:profileinstaller:1.3.1] AndroidManifest.xml:36:13-44
264            android:enabled="true"
264-->[androidx.profileinstaller:profileinstaller:1.3.1] AndroidManifest.xml:37:13-35
265            android:exported="true"
265-->[androidx.profileinstaller:profileinstaller:1.3.1] AndroidManifest.xml:38:13-36
266            android:permission="android.permission.DUMP" >
266-->[androidx.profileinstaller:profileinstaller:1.3.1] AndroidManifest.xml:39:13-57
267            <intent-filter>
267-->[androidx.profileinstaller:profileinstaller:1.3.1] AndroidManifest.xml:40:13-42:29
268                <action android:name="androidx.profileinstaller.action.INSTALL_PROFILE" />
268-->[androidx.profileinstaller:profileinstaller:1.3.1] AndroidManifest.xml:41:17-91
268-->[androidx.profileinstaller:profileinstaller:1.3.1] AndroidManifest.xml:41:25-88
269            </intent-filter>
270            <intent-filter>
270-->[androidx.profileinstaller:profileinstaller:1.3.1] AndroidManifest.xml:43:13-45:29
271                <action android:name="androidx.profileinstaller.action.SKIP_FILE" />
271-->[androidx.profileinstaller:profileinstaller:1.3.1] AndroidManifest.xml:44:17-85
271-->[androidx.profileinstaller:profileinstaller:1.3.1] AndroidManifest.xml:44:25-82
272            </intent-filter>
273            <intent-filter>
273-->[androidx.profileinstaller:profileinstaller:1.3.1] AndroidManifest.xml:46:13-48:29
274                <action android:name="androidx.profileinstaller.action.SAVE_PROFILE" />
274-->[androidx.profileinstaller:profileinstaller:1.3.1] AndroidManifest.xml:47:17-88
274-->[androidx.profileinstaller:profileinstaller:1.3.1] AndroidManifest.xml:47:25-85
275            </intent-filter>
276            <intent-filter>
276-->[androidx.profileinstaller:profileinstaller:1.3.1] AndroidManifest.xml:49:13-51:29
277                <action android:name="androidx.profileinstaller.action.BENCHMARK_OPERATION" />
277-->[androidx.profileinstaller:profileinstaller:1.3.1] AndroidManifest.xml:50:17-95
277-->[androidx.profileinstaller:profileinstaller:1.3.1] AndroidManifest.xml:50:25-92
278            </intent-filter>
279        </receiver> <!-- The activities will be merged into the manifest of the hosting app. -->
280        <activity
280-->[com.google.android.play:core-common:2.0.3] AndroidManifest.xml:14:9-18:65
281            android:name="com.google.android.play.core.common.PlayCoreDialogWrapperActivity"
281-->[com.google.android.play:core-common:2.0.3] AndroidManifest.xml:15:13-93
282            android:exported="false"
282-->[com.google.android.play:core-common:2.0.3] AndroidManifest.xml:16:13-37
283            android:stateNotNeeded="true"
283-->[com.google.android.play:core-common:2.0.3] AndroidManifest.xml:17:13-42
284            android:theme="@style/Theme.PlayCore.Transparent" />
284-->[com.google.android.play:core-common:2.0.3] AndroidManifest.xml:18:13-62
285    </application>
286
287</manifest>